# JRE version: Java(TM) SE Runtime Environment (8.0_121-b13) (build 1.8.0_121-b13)
# Java VM: Java HotSpot(TM) 64-Bit Server VM (25.121-b13 mixed mode windows-amd64 compressed oops)
Heap:
 PSYoungGen      total 306688K, used 301404K [0x0000000780000000, 0x000000079b900000, 0x00000007c0000000)
  eden space 292864K, 98% used [0x0000000780000000,0x00000007918dddb0,0x0000000791e00000)
  from space 13824K, 99% used [0x0000000791e00000,0x0000000792b79430,0x0000000792b80000)
  to   space 15360K, 0% used [0x000000079aa00000,0x000000079aa00000,0x000000079b900000)
 ParOldGen       total 122880K, used 59813K [0x0000000700000000, 0x0000000707800000, 0x0000000780000000)
  object space 122880K, 48% used [0x0000000700000000,0x0000000703a696d0,0x0000000707800000)
 Metaspace       used 52318K, capacity 53370K, committed 53632K, reserved 1095680K
  class space    used 7211K, capacity 7507K, committed 7552K, reserved 1048576K
GC Heap History (10 events):
Event: 3.542 GC heap before
{Heap before GC invocations=7 (full 1):
 PSYoungGen      total 137728K, used 23192K [0x0000000780000000, 0x000000078bb80000, 0x00000007c0000000)
  eden space 126976K, 9% used [0x0000000780000000,0x0000000780c286c8,0x0000000787c00000)
  from space 10752K, 99% used [0x0000000787c00000,0x000000078867dc30,0x0000000788680000)
  to   space 13824K, 0% used [0x000000078ae00000,0x000000078ae00000,0x000000078bb80000)
 ParOldGen       total 101376K, used 10664K [0x0000000700000000, 0x0000000706300000, 0x0000000780000000)
  object space 101376K, 10% used [0x0000000700000000,0x0000000700a6a188,0x0000000706300000)
 Metaspace       used 34748K, capacity 35270K, committed 35456K, reserved 1079296K
  class space    used 5036K, capacity 5179K, committed 5248K, reserved 1048576K
Event: 3.637 GC heap after
Heap after GC invocations=7 (full 1):
 PSYoungGen      total 178688K, used 7737K [0x0000000780000000, 0x0000000790300000, 0x00000007c0000000)
  eden space 164864K, 0% used [0x0000000780000000,0x0000000780000000,0x000000078a100000)
  from space 13824K, 55% used [0x000000078ae00000,0x000000078b58e5a8,0x000000078bb80000)
  to   space 13312K, 0% used [0x000000078a100000,0x000000078a100000,0x000000078ae00000)
 ParOldGen       total 101376K, used 10664K [0x0000000700000000, 0x0000000706300000, 0x0000000780000000)
  object space 101376K, 10% used [0x0000000700000000,0x0000000700a6a188,0x0000000706300000)
 Metaspace       used 34748K, capacity 35270K, committed 35456K, reserved 1079296K
  class space    used 5036K, capacity 5179K, committed 5248K, reserved 1048576K
}
Event: 3.638 GC heap before
{Heap before GC invocations=8 (full 2):
 PSYoungGen      total 178688K, used 7737K [0x0000000780000000, 0x0000000790300000, 0x00000007c0000000)
  eden space 164864K, 0% used [0x0000000780000000,0x0000000780000000,0x000000078a100000)
  from space 13824K, 55% used [0x000000078ae00000,0x000000078b58e5a8,0x000000078bb80000)
  to   space 13312K, 0% used [0x000000078a100000,0x000000078a100000,0x000000078ae00000)
 ParOldGen       total 101376K, used 10664K [0x0000000700000000, 0x0000000706300000, 0x0000000780000000)
  object space 101376K, 10% used [0x0000000700000000,0x0000000700a6a188,0x0000000706300000)
 Metaspace       used 34748K, capacity 35270K, committed 35456K, reserved 1079296K
  class space    used 5036K, capacity 5179K, committed 5248K, reserved 1048576K
Event: 3.695 GC heap after
Heap after GC invocations=8 (full 2):
 PSYoungGen      total 178688K, used 0K [0x0000000780000000, 0x0000000790300000, 0x00000007c0000000)
  eden space 164864K, 0% used [0x0000000780000000,0x0000000780000000,0x000000078a100000)
  from space 13824K, 0% used [0x000000078ae00000,0x000000078ae00000,0x000000078bb80000)
  to   space 13312K, 0% used [0x000000078a100000,0x000000078a100000,0x000000078ae00000)
 ParOldGen       total 122880K, used 14223K [0x0000000700000000, 0x0000000707800000, 0x0000000780000000)
  object space 122880K, 11% used [0x0000000700000000,0x0000000700de3d68,0x0000000707800000)
 Metaspace       used 34748K, capacity 35270K, committed 35456K, reserved 1079296K
  class space    used 5036K, capacity 5179K, committed 5248K, reserved 1048576K
}
Event: 4.638 GC heap before
{Heap before GC invocations=9 (full 2):
 PSYoungGen      total 178688K, used 160965K [0x0000000780000000, 0x0000000790300000, 0x00000007c0000000)
  eden space 164864K, 97% used [0x0000000780000000,0x0000000789d316d0,0x000000078a100000)
  from space 13824K, 0% used [0x000000078ae00000,0x000000078ae00000,0x000000078bb80000)
  to   space 13312K, 0% used [0x000000078a100000,0x000000078a100000,0x000000078ae00000)
 ParOldGen       total 122880K, used 14223K [0x0000000700000000, 0x0000000707800000, 0x0000000780000000)
  object space 122880K, 11% used [0x0000000700000000,0x0000000700de3d68,0x0000000707800000)
 Metaspace       used 39147K, capacity 39956K, committed 40064K, reserved 1083392K
  class space    used 5642K, capacity 5911K, committed 6016K, reserved 1048576K
Event: 4.655 GC heap after
Heap after GC invocations=9 (full 2):
 PSYoungGen      total 178176K, used 11813K [0x0000000780000000, 0x0000000793e00000, 0x00000007c0000000)
  eden space 164864K, 0% used [0x0000000780000000,0x0000000780000000,0x000000078a100000)
  from space 13312K, 88% used [0x000000078a100000,0x000000078ac89518,0x000000078ae00000)
  to   space 14336K, 0% used [0x0000000793000000,0x0000000793000000,0x0000000793e00000)
 ParOldGen       total 122880K, used 59351K [0x0000000700000000, 0x0000000707800000, 0x0000000780000000)
  object space 122880K, 48% used [0x0000000700000000,0x00000007039f5db8,0x0000000707800000)
 Metaspace       used 39147K, capacity 39956K, committed 40064K, reserved 1083392K
  class space    used 5642K, capacity 5911K, committed 6016K, reserved 1048576K
}
Event: 5.206 GC heap before
{Heap before GC invocations=10 (full 2):
 PSYoungGen      total 178176K, used 176637K [0x0000000780000000, 0x0000000793e00000, 0x00000007c0000000)
  eden space 164864K, 99% used [0x0000000780000000,0x000000078a0f61f0,0x000000078a100000)
  from space 13312K, 88% used [0x000000078a100000,0x000000078ac89518,0x000000078ae00000)
  to   space 14336K, 0% used [0x0000000793000000,0x0000000793000000,0x0000000793e00000)
 ParOldGen       total 122880K, used 59351K [0x0000000700000000, 0x0000000707800000, 0x0000000780000000)
  object space 122880K, 48% used [0x0000000700000000,0x00000007039f5db8,0x0000000707800000)
 Metaspace       used 39352K, capacity 40164K, committed 40320K, reserved 1083392K
  class space    used 5651K, capacity 5911K, committed 6016K, reserved 1048576K
Event: 5.231 GC heap after
Heap after GC invocations=10 (full 2):
 PSYoungGen      total 302080K, used 8864K [0x0000000780000000, 0x0000000793900000, 0x00000007c0000000)
  eden space 292864K, 0% used [0x0000000780000000,0x0000000780000000,0x0000000791e00000)
  from space 9216K, 96% used [0x0000000793000000,0x00000007938a80a0,0x0000000793900000)
  to   space 13824K, 0% used [0x0000000791e00000,0x0000000791e00000,0x0000000792b80000)
 ParOldGen       total 122880K, used 59359K [0x0000000700000000, 0x0000000707800000, 0x0000000780000000)
  object space 122880K, 48% used [0x0000000700000000,0x00000007039f7db8,0x0000000707800000)
 Metaspace       used 39352K, capacity 40164K, committed 40320K, reserved 1083392K
  class space    used 5651K, capacity 5911K, committed 6016K, reserved 1048576K
}
Event: 7.720 GC heap before
{Heap before GC invocations=11 (full 2):
 PSYoungGen      total 302080K, used 301573K [0x0000000780000000, 0x0000000793900000, 0x00000007c0000000)
  eden space 292864K, 99% used [0x0000000780000000,0x0000000791dd9518,0x0000000791e00000)
  from space 9216K, 96% used [0x0000000793000000,0x00000007938a80a0,0x0000000793900000)
  to   space 13824K, 0% used [0x0000000791e00000,0x0000000791e00000,0x0000000792b80000)
 ParOldGen       total 122880K, used 59359K [0x0000000700000000, 0x0000000707800000, 0x0000000780000000)
  object space 122880K, 48% used [0x0000000700000000,0x00000007039f7db8,0x0000000707800000)
 Metaspace       used 45135K, capacity 46168K, committed 46464K, reserved 1089536K
  class space    used 6422K, capacity 6697K, committed 6784K, reserved 1048576K
Event: 7.734 GC heap after
Heap after GC invocations=11 (full 2):
 PSYoungGen      total 306688K, used 13797K [0x0000000780000000, 0x000000079b900000, 0x00000007c0000000)
  eden space 292864K, 0% used [0x0000000780000000,0x0000000780000000,0x0000000791e00000)
  from space 13824K, 99% used [0x0000000791e00000,0x0000000792b79430,0x0000000792b80000)
  to   space 15360K, 0% used [0x000000079aa00000,0x000000079aa00000,0x000000079b900000)
 ParOldGen       total 122880K, used 59813K [0x0000000700000000, 0x0000000707800000, 0x0000000780000000)
  object space 122880K, 48% used [0x0000000700000000,0x0000000703a696d0,0x0000000707800000)
 Metaspace       used 45135K, capacity 46168K, committed 46464K, reserved 1089536K
  class space    used 6422K, capacity 6697K, committed 6784K, reserved 1048576K
}

